[INFO] Scanning for projects...
[INFO]                                                                         
[INFO] ------------------------------------------------------------------------
[INFO] Building myDrive 1.0.0-SNAPSHOT
[INFO] ------------------------------------------------------------------------
[INFO] 
[INFO] --- maven-clean-plugin:2.5:clean (default-clean) @ mydrive ---
[INFO] Deleting /home/zacarias/Área de Trabalho/git/es16al_17-project/target
[INFO] 
[INFO] --- ff-maven-plugin:2.6.2:ff-generate-domain (default) @ mydrive ---
[INFO] 
[INFO] --- maven-resources-plugin:2.6:resources (default-resources) @ mydrive ---
[INFO] Using 'UTF-8' encoding to copy filtered resources.
[INFO] Copying 6 resources
[INFO] Copying 1 resource
[INFO] 
[INFO] --- maven-compiler-plugin:3.1:compile (default-compile) @ mydrive ---
[INFO] Changes detected - recompiling the module!
[INFO] Compiling 122 source files to /home/zacarias/Área de Trabalho/git/es16al_17-project/target/classes
[INFO] 
[INFO] --- ff-maven-plugin:2.6.2:ff-process-atomic-annotations (default) @ mydrive ---
[INFO] 
[INFO] --- maven-resources-plugin:2.6:testResources (default-testResources) @ mydrive ---
[INFO] Using 'UTF-8' encoding to copy filtered resources.
[INFO] skip non existing resourceDirectory /home/zacarias/Área de Trabalho/git/es16al_17-project/src/test/resources
[INFO] Copying 1 resource
[INFO] 
[INFO] --- maven-compiler-plugin:3.1:testCompile (default-testCompile) @ mydrive ---
[INFO] Changes detected - recompiling the module!
[INFO] Compiling 15 source files to /home/zacarias/Área de Trabalho/git/es16al_17-project/target/test-classes
[INFO] 
[INFO] --- maven-surefire-plugin:2.12.4:test (default-test) @ mydrive ---
[INFO] Surefire report directory: /home/zacarias/Área de Trabalho/git/es16al_17-project/target/surefire-reports

-------------------------------------------------------
 T E S T S
-------------------------------------------------------
Running pt.tecnico.mydrive.service.ReadFileTest
14:46:30.989 [main] DEBUG pt.ist.fenixframework.FenixFramework - Trying auto-initialization with configuration by convention
14:46:30.991 [main] DEBUG pt.ist.fenixframework.FenixFramework - Resource 'fenix-framework.properties' not found
14:46:30.992 [main] DEBUG pt.ist.fenixframework.FenixFramework - Fenix Framework properties after reading default config file:{}
14:46:30.992 [main] DEBUG pt.ist.fenixframework.FenixFramework - CurrentBackEndName = jvstm-ojb
14:46:30.993 [main] INFO  pt.ist.fenixframework.FenixFramework - Found configuration by convention in resource 'fenix-framework-jvstm-ojb.properties'.
14:46:30.993 [main] DEBUG pt.ist.fenixframework.FenixFramework - Fenix Framework properties after reading backend config file:{appName=INFER_APP_NAME, dbUsername=mydrive, updateRepositoryStructureIfNeeded=true, dbPassword=mydriv3, dbAlias=//localhost:3306/drivedb?useUnicode=true&amp;characterEncoding=UTF-8&amp;clobCharacterEncoding=UTF-8&amp;zeroDateTimeBehavior=convertToNull}
14:46:30.993 [main] DEBUG pt.ist.fenixframework.FenixFramework - Fenix Framework properties after enforcing system properties:{appName=INFER_APP_NAME, dbUsername=mydrive, dbPassword=mydriv3, updateRepositoryStructureIfNeeded=true, dbAlias=//localhost:3306/drivedb?useUnicode=true&amp;characterEncoding=UTF-8&amp;clobCharacterEncoding=UTF-8&amp;zeroDateTimeBehavior=convertToNull}
14:46:30.994 [main] DEBUG pt.ist.fenixframework.FenixFramework - appName property automatically discovered: mydrive
14:46:31.017 [main] INFO  pt.ist.fenixframework.FenixFramework - Initializing Fenix Framework with backend config: JvstmOJBConfig
14:46:31.441 [main] INFO  p.i.f.b.j.r.RepositoryBootstrap - Updating Repository Structure
14:46:31.459 [main] INFO  p.i.f.b.j.r.RepositoryBootstrap - Repository Structure update completed
14:46:31.526 [main] INFO  p.i.f.b.jvstmojb.repository.ServerId - Obtained server id: 9
14:46:31.566 [main] DEBUG p.i.f.b.jvstmojb.repository.ServerId - Server ID Lease is now valid until 2016-05-13T15:05:31.533+01:00
14:46:31.636 [main] INFO  p.i.f.b.j.pstm.TransactionSupport - Setting the last committed TX number to 22
14:46:31.637 [main] DEBUG p.i.f.atomic.AtomicContext - Handling @Atomic call from pt.ist.fenixframework.DomainFenixFrameworkRoot.bootstrap(DomainFenixFrameworkRoot.java)
14:46:31.749 [main] INFO  pt.ist.fenixframework.FenixFramework - Initialization of Fenix Framework is now complete.
14:46:31.776 [main] DEBUG p.i.f.atomic.AtomicContext - Handling @Atomic call from pt.tecnico.mydrive.service.MyDriveService.execute(MyDriveService.java)
14:46:31.785 [main] DEBUG p.i.f.atomic.AtomicContext - Handling @Atomic call from pt.tecnico.mydrive.service.MyDriveService.execute(MyDriveService.java)
14:46:31.790 [main] DEBUG p.i.f.atomic.AtomicContext - Handling @Atomic call from pt.tecnico.mydrive.service.MyDriveService.execute(MyDriveService.java)
14:46:31.796 [main] DEBUG p.i.f.atomic.AtomicContext - Handling @Atomic call from pt.tecnico.mydrive.service.MyDriveService.execute(MyDriveService.java)
14:46:31.801 [main] DEBUG p.i.f.atomic.AtomicContext - Handling @Atomic call from pt.tecnico.mydrive.service.MyDriveService.execute(MyDriveService.java)
14:46:31.806 [main] DEBUG p.i.f.atomic.AtomicContext - Handling @Atomic call from pt.tecnico.mydrive.service.MyDriveService.execute(MyDriveService.java)
14:46:31.811 [main] DEBUG p.i.f.atomic.AtomicContext - Handling @Atomic call from pt.tecnico.mydrive.service.MyDriveService.execute(MyDriveService.java)
14:46:31.815 [main] DEBUG p.i.f.atomic.AtomicContext - Handling @Atomic call from pt.tecnico.mydrive.service.MyDriveService.execute(MyDriveService.java)
14:46:31.819 [main] DEBUG p.i.f.atomic.AtomicContext - Handling @Atomic call from pt.tecnico.mydrive.service.MyDriveService.execute(MyDriveService.java)
14:46:31.823 [main] DEBUG p.i.f.atomic.AtomicContext - Handling @Atomic call from pt.tecnico.mydrive.service.MyDriveService.execute(MyDriveService.java)
14:46:31.827 [main] DEBUG p.i.f.atomic.AtomicContext - Handling @Atomic call from pt.tecnico.mydrive.service.MyDriveService.execute(MyDriveService.java)
14:46:31.832 [main] DEBUG p.i.f.atomic.AtomicContext - Handling @Atomic call from pt.tecnico.mydrive.service.MyDriveService.execute(MyDriveService.java)
14:46:31.836 [main] DEBUG p.i.f.atomic.AtomicContext - Handling @Atomic call from pt.tecnico.mydrive.service.MyDriveService.execute(MyDriveService.java)
14:46:31.839 [main] DEBUG p.i.f.atomic.AtomicContext - Handling @Atomic call from pt.tecnico.mydrive.service.MyDriveService.execute(MyDriveService.java)
14:46:31.842 [main] DEBUG p.i.f.atomic.AtomicContext - Handling @Atomic call from pt.tecnico.mydrive.service.MyDriveService.execute(MyDriveService.java)
14:46:31.846 [main] DEBUG p.i.f.atomic.AtomicContext - Handling @Atomic call from pt.tecnico.mydrive.service.MyDriveService.execute(MyDriveService.java)
14:46:31.849 [main] DEBUG p.i.f.atomic.AtomicContext - Handling @Atomic call from pt.tecnico.mydrive.service.MyDriveService.execute(MyDriveService.java)
14:46:31.852 [main] DEBUG p.i.f.atomic.AtomicContext - Handling @Atomic call from pt.tecnico.mydrive.service.MyDriveService.execute(MyDriveService.java)
14:46:31.855 [main] DEBUG p.i.f.atomic.AtomicContext - Handling @Atomic call from pt.tecnico.mydrive.service.MyDriveService.execute(MyDriveService.java)
14:46:31.858 [main] DEBUG p.i.f.atomic.AtomicContext - Handling @Atomic call from pt.tecnico.mydrive.service.MyDriveService.execute(MyDriveService.java)
14:46:31.860 [main] DEBUG p.i.f.atomic.AtomicContext - Handling @Atomic call from pt.tecnico.mydrive.service.MyDriveService.execute(MyDriveService.java)
14:46:31.863 [main] DEBUG p.i.f.atomic.AtomicContext - Handling @Atomic call from pt.tecnico.mydrive.service.MyDriveService.execute(MyDriveService.java)
14:46:31.866 [main] DEBUG p.i.f.atomic.AtomicContext - Handling @Atomic call from pt.tecnico.mydrive.service.MyDriveService.execute(MyDriveService.java)
Tests run: 23, Failures: 0, Errors: 0, Skipped: 0, Time elapsed: 0.982 sec
Running pt.tecnico.mydrive.service.ExecuteFileTest
14:46:31.871 [main] DEBUG p.i.f.atomic.AtomicContext - Handling @Atomic call from pt.tecnico.mydrive.service.MyDriveService.execute(MyDriveService.java)
14:46:31.876 [main] DEBUG p.i.f.atomic.AtomicContext - Handling @Atomic call from pt.tecnico.mydrive.service.MyDriveService.execute(MyDriveService.java)
14:46:31.879 [main] DEBUG p.i.f.atomic.AtomicContext - Handling @Atomic call from pt.tecnico.mydrive.service.MyDriveService.execute(MyDriveService.java)
14:46:31.882 [main] DEBUG p.i.f.atomic.AtomicContext - Handling @Atomic call from pt.tecnico.mydrive.service.MyDriveService.execute(MyDriveService.java)
14:46:31.889 [main] DEBUG p.i.f.atomic.AtomicContext - Handling @Atomic call from pt.tecnico.mydrive.service.MyDriveService.execute(MyDriveService.java)
14:46:31.891 [main] DEBUG p.i.f.atomic.AtomicContext - Handling @Atomic call from pt.tecnico.mydrive.service.MyDriveService.execute(MyDriveService.java)
Tests run: 7, Failures: 0, Errors: 0, Skipped: 0, Time elapsed: 0.001 sec
Running pt.tecnico.mydrive.service.DeleteFileServiceTest
14:46:31.896 [main] DEBUG p.i.f.atomic.AtomicContext - Handling @Atomic call from pt.tecnico.mydrive.service.MyDriveService.execute(MyDriveService.java)
14:46:31.900 [main] DEBUG p.i.f.atomic.AtomicContext - Handling @Atomic call from pt.tecnico.mydrive.service.MyDriveService.execute(MyDriveService.java)
14:46:31.903 [main] DEBUG p.i.f.atomic.AtomicContext - Handling @Atomic call from pt.tecnico.mydrive.service.MyDriveService.execute(MyDriveService.java)
14:46:31.907 [main] DEBUG p.i.f.atomic.AtomicContext - Handling @Atomic call from pt.tecnico.mydrive.service.MyDriveService.execute(MyDriveService.java)
14:46:31.909 [main] DEBUG p.i.f.atomic.AtomicContext - Handling @Atomic call from pt.tecnico.mydrive.service.MyDriveService.execute(MyDriveService.java)
14:46:31.911 [main] DEBUG p.i.f.atomic.AtomicContext - Handling @Atomic call from pt.tecnico.mydrive.service.MyDriveService.execute(MyDriveService.java)
14:46:31.912 [main] DEBUG p.i.f.atomic.AtomicContext - Handling @Atomic call from pt.tecnico.mydrive.service.MyDriveService.execute(MyDriveService.java)
14:46:31.915 [main] DEBUG p.i.f.atomic.AtomicContext - Handling @Atomic call from pt.tecnico.mydrive.service.MyDriveService.execute(MyDriveService.java)
14:46:31.916 [main] DEBUG p.i.f.atomic.AtomicContext - Handling @Atomic call from pt.tecnico.mydrive.service.MyDriveService.execute(MyDriveService.java)
14:46:31.918 [main] DEBUG p.i.f.atomic.AtomicContext - Handling @Atomic call from pt.tecnico.mydrive.service.MyDriveService.execute(MyDriveService.java)
14:46:31.920 [main] DEBUG p.i.f.atomic.AtomicContext - Handling @Atomic call from pt.tecnico.mydrive.service.MyDriveService.execute(MyDriveService.java)
14:46:31.922 [main] DEBUG p.i.f.atomic.AtomicContext - Handling @Atomic call from pt.tecnico.mydrive.service.MyDriveService.execute(MyDriveService.java)
Tests run: 12, Failures: 0, Errors: 0, Skipped: 0, Time elapsed: 0.001 sec
Running pt.tecnico.mydrive.service.AddVariableTest
14:46:31.925 [main] DEBUG p.i.f.atomic.AtomicContext - Handling @Atomic call from pt.tecnico.mydrive.service.MyDriveService.execute(MyDriveService.java)
Tests run: 1, Failures: 0, Errors: 0, Skipped: 0, Time elapsed: 0 sec
Running pt.tecnico.mydrive.service.ExecuteAssociationTest
14:46:32.323 [main] DEBUG p.i.f.atomic.AtomicContext - Handling @Atomic call from pt.tecnico.mydrive.service.MyDriveService.execute(MyDriveService.java)
Tests run: 8, Failures: 3, Errors: 0, Skipped: 0, Time elapsed: 0.484 sec <<< FAILURE!
successPDF(pt.tecnico.mydrive.service.ExecuteAssociationTest)  Time elapsed: 0.022 sec  <<< FAILURE!
org.junit.ComparisonFailure: Incorrect execution expected:<[]Executing relatorio....> but was:<[14:46:32.342 [main] DEBUG p.i.f.atomic.AtomicContext - Handling @Atomic call from pt.tecnico.mydrive.service.MyDriveService.execute(MyDriveService.java)
]Executing relatorio....>
	at pt.tecnico.mydrive.service.ExecuteAssociationTest.successPDF(ExecuteAssociationTest.java:118)
	at sun.reflect.NativeMethodAccessorImpl.invoke0(Native Method)
	at java.lang.reflect.Method.invoke(Method.java:498)
	at sun.reflect.NativeMethodAccessorImpl.invoke0(Native Method)
	at java.lang.reflect.Method.invoke(Method.java:498)
	at org.apache.maven.surefire.junit4.JUnit4Provider.execute(JUnit4Provider.java:252)
	at org.apache.maven.surefire.junit4.JUnit4Provider.executeTestSet(JUnit4Provider.java:141)
	at org.apache.maven.surefire.junit4.JUnit4Provider.invoke(JUnit4Provider.java:112)
	at sun.reflect.NativeMethodAccessorImpl.invoke0(Native Method)
	at java.lang.reflect.Method.invoke(Method.java:498)
	at org.apache.maven.surefire.util.ReflectionUtils.invokeMethodWithArray(ReflectionUtils.java:189)
	at org.apache.maven.surefire.booter.ProviderFactory$ProviderProxy.invoke(ProviderFactory.java:165)
	at org.apache.maven.surefire.booter.ProviderFactory.invokeProvider(ProviderFactory.java:85)
	at org.apache.maven.surefire.booter.ForkedBooter.runSuitesInProcess(ForkedBooter.java:115)
	at org.apache.maven.surefire.booter.ForkedBooter.main(ForkedBooter.java:75)

successTXT(pt.tecnico.mydrive.service.ExecuteAssociationTest)  Time elapsed: 0.015 sec  <<< FAILURE!
org.junit.ComparisonFailure: Incorrect execution expected:<[]Executing example.tx...> but was:<[14:46:32.363 [main] DEBUG p.i.f.atomic.AtomicContext - Handling @Atomic call from pt.tecnico.mydrive.service.MyDriveService.execute(MyDriveService.java)
]Executing example.tx...>
	at pt.tecnico.mydrive.service.ExecuteAssociationTest.successTXT(ExecuteAssociationTest.java:97)
	at sun.reflect.NativeMethodAccessorImpl.invoke0(Native Method)
	at java.lang.reflect.Method.invoke(Method.java:498)
	at sun.reflect.NativeMethodAccessorImpl.invoke0(Native Method)
	at java.lang.reflect.Method.invoke(Method.java:498)
	at org.apache.maven.surefire.junit4.JUnit4Provider.execute(JUnit4Provider.java:252)
	at org.apache.maven.surefire.junit4.JUnit4Provider.executeTestSet(JUnit4Provider.java:141)
	at org.apache.maven.surefire.junit4.JUnit4Provider.invoke(JUnit4Provider.java:112)
	at sun.reflect.NativeMethodAccessorImpl.invoke0(Native Method)
	at java.lang.reflect.Method.invoke(Method.java:498)
	at org.apache.maven.surefire.util.ReflectionUtils.invokeMethodWithArray(ReflectionUtils.java:189)
	at org.apache.maven.surefire.booter.ProviderFactory$ProviderProxy.invoke(ProviderFactory.java:165)
	at org.apache.maven.surefire.booter.ProviderFactory.invokeProvider(ProviderFactory.java:85)
	at org.apache.maven.surefire.booter.ForkedBooter.runSuitesInProcess(ForkedBooter.java:115)
	at org.apache.maven.surefire.booter.ForkedBooter.main(ForkedBooter.java:75)

successSharingExtensionTablesBeetweenSessions(pt.tecnico.mydrive.service.ExecuteAssociationTest)  Time elapsed: 0.015 sec  <<< FAILURE!
org.junit.ComparisonFailure: Incorrect execution expected:<[]Executing example.tx...> but was:<[14:46:32.444 [main] DEBUG p.i.f.atomic.AtomicContext - Handling @Atomic call from pt.tecnico.mydrive.service.MyDriveService.execute(MyDriveService.java)
]Executing example.tx...>
	at pt.tecnico.mydrive.service.ExecuteAssociationTest.successSharingExtensionTablesBeetweenSessions(ExecuteAssociationTest.java:139)
	at sun.reflect.NativeMethodAccessorImpl.invoke0(Native Method)
	at java.lang.reflect.Method.invoke(Method.java:498)
	at java.lang.reflect.Method.invoke(Method.java:498)
	at org.apache.maven.surefire.junit4.JUnit4Provider.execute(JUnit4Provider.java:252)
	at org.apache.maven.surefire.junit4.JUnit4Provider.executeTestSet(JUnit4Provider.java:141)
	at org.apache.maven.surefire.junit4.JUnit4Provider.invoke(JUnit4Provider.java:112)
	at sun.reflect.NativeMethodAccessorImpl.invoke0(Native Method)
	at java.lang.reflect.Method.invoke(Method.java:498)
	at org.apache.maven.surefire.util.ReflectionUtils.invokeMethodWithArray(ReflectionUtils.java:189)
	at org.apache.maven.surefire.booter.ProviderFactory$ProviderProxy.invoke(ProviderFactory.java:165)
	at org.apache.maven.surefire.booter.ProviderFactory.invokeProvider(ProviderFactory.java:85)
	at org.apache.maven.surefire.booter.ForkedBooter.runSuitesInProcess(ForkedBooter.java:115)
	at org.apache.maven.surefire.booter.ForkedBooter.main(ForkedBooter.java:75)

Running pt.tecnico.mydrive.service.EnvironmentLinksTest
Tests run: 21, Failures: 0, Errors: 0, Skipped: 0, Time elapsed: 0.361 sec
Running pt.tecnico.mydrive.service.LoginServiceTest
Tests run: 3, Failures: 0, Errors: 0, Skipped: 0, Time elapsed: 0.011 sec
Running pt.tecnico.mydrive.service.ChangeDirectoryTest
Tests run: 12, Failures: 0, Errors: 0, Skipped: 0, Time elapsed: 0.06 sec
Running pt.tecnico.mydrive.service.CreateFileTest
Tests run: 14, Failures: 0, Errors: 0, Skipped: 0, Time elapsed: 0.048 sec
Running pt.tecnico.mydrive.service.WriteFileTest
Tests run: 8, Failures: 0, Errors: 0, Skipped: 0, Time elapsed: 0.025 sec
Running pt.tecnico.mydrive.service.ListDirectoryTest
Tests run: 3, Failures: 0, Errors: 0, Skipped: 0, Time elapsed: 0.011 sec
Running pt.tecnico.mydrive.system.SystemTest
Tests run: 1, Failures: 0, Errors: 0, Skipped: 0, Time elapsed: 0.431 sec
Running pt.tecnico.mydrive.system.IntegrationTest
Tests run: 1, Failures: 0, Errors: 1, Skipped: 0, Time elapsed: 0.186 sec <<< FAILURE!
success(pt.tecnico.mydrive.system.IntegrationTest)  Time elapsed: 0.186 sec  <<< ERROR!
java.lang.NullPointerException
	at pt.tecnico.mydrive.domain.PlainFile.execute(PlainFile.java:73)
	at pt.tecnico.mydrive.service.ExecuteFileService.dispatch(ExecuteFileService.java:39)
	at pt.tecnico.mydrive.service.MyDriveService$callable$execute.call(Advice Library Automatically Generated Class)
	at pt.ist.fenixframework.backend.jvstmojb.JvstmOJBTransactionManager.handleWriteCommand(JvstmOJBTransactionManager.java:179)
	at pt.ist.fenixframework.backend.jvstmojb.JvstmOJBTransactionManager.withTransaction(JvstmOJBTransactionManager.java:146)
	at pt.ist.fenixframework.atomic.AtomicContext.perform(AtomicContext.java:30)
	at pt.tecnico.mydrive.system.IntegrationTest.success(IntegrationTest.java:206)
	at sun.reflect.NativeMethodAccessorImpl.invoke0(Native Method)
	at java.lang.reflect.Method.invoke(Method.java:498)
	at java.lang.reflect.Method.invoke(Method.java:498)
	at org.apache.maven.surefire.junit4.JUnit4Provider.execute(JUnit4Provider.java:252)
	at org.apache.maven.surefire.junit4.JUnit4Provider.executeTestSet(JUnit4Provider.java:141)
	at org.apache.maven.surefire.junit4.JUnit4Provider.invoke(JUnit4Provider.java:112)
	at sun.reflect.NativeMethodAccessorImpl.invoke0(Native Method)
	at java.lang.reflect.Method.invoke(Method.java:498)
	at org.apache.maven.surefire.util.ReflectionUtils.invokeMethodWithArray(ReflectionUtils.java:189)
	at org.apache.maven.surefire.booter.ProviderFactory$ProviderProxy.invoke(ProviderFactory.java:165)
	at org.apache.maven.surefire.booter.ProviderFactory.invokeProvider(ProviderFactory.java:85)
	at org.apache.maven.surefire.booter.ForkedBooter.runSuitesInProcess(ForkedBooter.java:115)
	at org.apache.maven.surefire.booter.ForkedBooter.main(ForkedBooter.java:75)


Results :

Failed tests:   successPDF(pt.tecnico.mydrive.service.ExecuteAssociationTest): Incorrect execution expected:<[]Executing relatorio....> but was:<[14:46:32.342 [main] DEBUG p.i.f.atomic.AtomicContext - Handling @Atomic call from pt.tecnico.mydrive.service.MyDriveService.execute(MyDriveService.java)(..)
  successTXT(pt.tecnico.mydrive.service.ExecuteAssociationTest): Incorrect execution expected:<[]Executing example.tx...> but was:<[14:46:32.363 [main] DEBUG p.i.f.atomic.AtomicContext - Handling @Atomic call from pt.tecnico.mydrive.service.MyDriveService.execute(MyDriveService.java)(..)
  successSharingExtensionTablesBeetweenSessions(pt.tecnico.mydrive.service.ExecuteAssociationTest): Incorrect execution expected:<[]Executing example.tx...> but was:<[14:46:32.444 [main] DEBUG p.i.f.atomic.AtomicContext - Handling @Atomic call from pt.tecnico.mydrive.service.MyDriveService.execute(MyDriveService.java)(..)

Tests in error: 
  success(pt.tecnico.mydrive.system.IntegrationTest)

Tests run: 114, Failures: 3, Errors: 1, Skipped: 0

[INFO] ------------------------------------------------------------------------
[INFO] BUILD FAILURE
[INFO] ------------------------------------------------------------------------
[INFO] Total time: 8.170 s
[INFO] Finished at: 2016-05-13T14:46:33+01:00
[INFO] Final Memory: 13M/273M
[INFO] ------------------------------------------------------------------------
[ERROR] Failed to execute goal org.apache.maven.plugins:maven-surefire-plugin:2.12.4:test (default-test) on project mydrive: There are test failures.
[ERROR] 
[ERROR] Please refer to /home/zacarias/Área de Trabalho/git/es16al_17-project/target/surefire-reports for the individual test results.
[ERROR] -> [Help 1]
[ERROR] 
[ERROR] To see the full stack trace of the errors, re-run Maven with the -e switch.
[ERROR] Re-run Maven using the -X switch to enable full debug logging.
[ERROR] 
[ERROR] For more information about the errors and possible solutions, please read the following articles:
[ERROR] [Help 1] http://cwiki.apache.org/confluence/display/MAVEN/MojoFailureException
